1624800146891	geckodriver	INFO	Listening on 127.0.0.1:56731
1624800601871	geckodriver	INFO	Listening on 127.0.0.1:60646
1624800605085	mozrunner::runner	INFO	Running command: "C:\\Program Files\\Mozilla Firefox\\firefox.exe" "--marionette" "-foreground" "-no-remote" "-profile" "C:\\Users\\chakshu\\AppData\\Local\\Temp\\rust_mozprofile9Pquai"
1624800606524	Marionette	INFO	Marionette enabled
console.warn: SearchSettings: "get: No settings file exists, new profile?" (new NotFoundError("Could not open the file at C:\\Users\\chakshu\\AppData\\Local\\Temp\\rust_mozprofile9Pquai\\search.json.mozlz4", (void 0)))
1624800624990	Marionette	INFO	Listening on port 60658
1624800626471	Marionette	WARN	TLS certificate errors will be ignored for this session
JavaScript error: resource://gre/modules/UrlClassifierListManager.jsm, line 691: TypeError: this.tablesData[table] is undefined
1624800643250	Marionette	INFO	Stopped listening on port 60658

###!!! [Child][RunMessage] Error: Channel closing: too late to send/recv, messages will be lost

1624800646084	geckodriver	INFO	Listening on 127.0.0.1:60484
1624800649138	mozrunner::runner	INFO	Running command: "C:\\Program Files\\Mozilla Firefox\\firefox.exe" "--marionette" "-foreground" "-no-remote" "-profile" "C:\\Users\\chakshu\\AppData\\Local\\Temp\\rust_mozprofileLLLTKb"
1624800651407	Marionette	INFO	Marionette enabled
console.warn: SearchSettings: "get: No settings file exists, new profile?" (new NotFoundError("Could not open the file at C:\\Users\\chakshu\\AppData\\Local\\Temp\\rust_mozprofileLLLTKb\\search.json.mozlz4", (void 0)))
1624800659260	Marionette	INFO	Listening on port 60492
1624800660577	Marionette	WARN	TLS certificate errors will be ignored for this session
JavaScript error: resource:///modules/FaviconLoader.jsm, line 596: InvalidStateError: JSWindowActorChild.sendAsyncMessage: JSWindowActorChild cannot send at the moment
JavaScript error: resource:///modules/FaviconLoader.jsm, line 596: InvalidStateError: JSWindowActorChild.sendAsyncMessage: JSWindowActorChild cannot send at the moment
1624800706200	Marionette	INFO	Stopped listening on port 60492

###!!! [Child][RunMessage] Error: Channel closing: too late to send/recv, messages will be lost

1624801388055	geckodriver	INFO	Listening on 127.0.0.1:53668
1624801391103	mozrunner::runner	INFO	Running command: "C:\\Program Files\\Mozilla Firefox\\firefox.exe" "--marionette" "-foreground" "-no-remote" "-profile" "C:\\Users\\chakshu\\AppData\\Local\\Temp\\rust_mozprofilegKwIad"
1624801392946	Marionette	INFO	Marionette enabled
console.warn: SearchSettings: "get: No settings file exists, new profile?" (new NotFoundError("Could not open the file at C:\\Users\\chakshu\\AppData\\Local\\Temp\\rust_mozprofilegKwIad\\search.json.mozlz4", (void 0)))
console.error: Region.jsm: "Error fetching region" (new Error("TIMEOUT", "resource://gre/modules/Region.jsm", 772))
console.error: Region.jsm: "Failed to fetch region" (new Error("TIMEOUT", "resource://gre/modules/Region.jsm", 419))
1624801405481	Marionette	INFO	Listening on port 64770
1624801407123	Marionette	WARN	TLS certificate errors will be ignored for this session
[Parent 856, IPC I/O Parent] WARNING: file /builds/worker/checkouts/gecko/ipc/chromium/src/base/process_util_win.cc:167
JavaScript error: , line 0: TypeError: NetworkError when attempting to fetch resource.
1624801731635	Marionette	INFO	Stopped listening on port 64770

###!!! [Child][RunMessage] Error: Channel closing: too late to send/recv, messages will be lost

\\Temp\\rust_mozprofilexRcODB"
1624801643845	Marionette	INFO	Marionette enabled
console.warn: SearchSettings: "get: No settings file exists, new profile?" (new NotFoundError("Could not open the file at C:\\Users\\chakshu\\AppData\\Local\\Temp\\rust_mozprofilexRcODB\\search.json.mozlz4", (void 0)))
1624801651292	Marionette	INFO	Listening on port 60055
1624801652444	Marionette	WARN	TLS certificate errors will be ignored for this session
1624801735039	Marionette	INFO	Stopped listening on port 60055

###!!! [Child][RunMessage] Error: Channel closing: too late to send/recv, messages will be lost

1624802710819	geckodriver	INFO	Listening on 127.0.0.1:60845
1624802713865	mozrunner::runner	INFO	Running command: "C:\\Program Files\\Mozilla Firefox\\firefox.exe" "--marionette" "-foreground" "-no-remote" "-profile" "C:\\Users\\chakshu\\AppData\\Local\\Temp\\rust_mozprofileTV96sz"
1624802714726	Marionette	INFO	Marionette enabled
console.warn: SearchSettings: "get: No settings file exists, new profile?" (new NotFoundError("Could not open the file at C:\\Users\\chakshu\\AppData\\Local\\Temp\\rust_mozprofileTV96sz\\search.json.mozlz4", (void 0)))
1624802720542	Marionette	INFO	Listening on port 60855
1624802722043	Marionette	WARN	TLS certificate errors will be ignored for this session
1624802746822	Marionette	INFO	Stopped listening on port 60855
1624802831696	geckodriver	INFO	Listening on 127.0.0.1:49580
1624802834764	mozrunner::runner	INFO	Running command: "C:\\Program Files\\Mozilla Firefox\\firefox.exe" "--marionette" "-foreground" "-no-remote" "-profile" "C:\\Users\\chakshu\\AppData\\Local\\Temp\\rust_mozprofileCXBdz1"
1624802835696	Marionette	INFO	Marionette enabled
console.warn: SearchSettings: "get: No settings file exists, new profile?" (new NotFoundError("Could not open the file at C:\\Users\\chakshu\\AppData\\Local\\Temp\\rust_mozprofileCXBdz1\\search.json.mozlz4", (void 0)))
1624802842402	Marionette	INFO	Listening on port 49589
1624802843603	Marionette	WARN	TLS certificate errors will be ignored for this session
JavaScript error: resource://gre/modules/AsyncShutdown.jsm, line 575: NotFoundError: No such JSWindowActor 'MarionetteEvents'
JavaScript error: resource://gre/modules/AsyncShutdown.jsm, line 575: NotFoundError: No such JSWindowActor 'MarionetteEvents'
JavaScript error: resource://gre/modules/AsyncShutdown.jsm, line 575: NotFoundError: No such JSWindowActor 'MarionetteEvents'
JavaScript error: resource://gre/modules/UrlClassifierListManager.jsm, line 691: TypeError: this.tablesData[table] is undefined
console.log: "RemoteSettingsWorker error: Error: Can't import when we've started shutting down."
console.log: "RemoteSettingsWorker error: Error: Can't import when we've started shutting down."
console.log: "RemoteSettingsWorker error: Error: Can't import when we've started shutting down."
console.log: "RemoteSettingsWorker error: Error: Can't import when we've started shutting down."
console.error: "Could not load engine google@search.mozilla.org: [Exception... \"AddonManager is not initialized\"  nsresult: \"0xc1f30001 (NS_ERROR_NOT_INITIALIZED)\"  location: \"JS frame :: resource://gre/modules/AddonManager.jsm :: installBuiltinAddon :: line 2536\"  data: no]"
console.error: "Could not load engine amazondotcom@search.mozilla.org: [Exception... \"AddonManager is not initialized\"  nsresult: \"0xc1f30001 (NS_ERROR_NOT_INITIALIZED)\"  location: \"JS frame :: resource://gre/modules/AddonManager.jsm :: installBuiltinAddon :: line 2536\"  data: no]"
console.error: "Could not load engine wikipedia@search.mozilla.org: [Exception... \"AddonManager is not initialized\"  nsresult: \"0xc1f30001 (NS_ERROR_NOT_INITIALIZED)\"  location: \"JS frame :: resource://gre/modules/AddonManager.jsm :: installBuiltinAddon :: line 2536\"  data: no]"
console.error: "Could not load engine bing@search.mozilla.org: [Exception... \"AddonManager is not initialized\"  nsresult: \"0xc1f30001 (NS_ERROR_NOT_INITIALIZED)\"  location: \"JS frame :: resource://gre/modules/AddonManager.jsm :: installBuiltinAddon :: line 2536\"  data: no]"
console.error: "Could not load engine ddg@search.mozilla.org: [Exception... \"AddonManager is not initialized\"  nsresult: \"0xc1f30001 (NS_ERROR_NOT_INITIALIZED)\"  location: \"JS frame :: resource://gre/modules/AddonManager.jsm :: installBuiltinAddon :: line 2536\"  data: no]"
console.warn: SearchService: "_init: abandoning init due to shutting down"
JavaScript error: , line 0: uncaught exception: 2147500036
JavaScript error: , line 0: uncaught exception: 2147500036
JavaScript error: , line 0: uncaught exception: 2147500036
JavaScript error: , line 0: uncaught exception: 2147500036
JavaScript error: , line 0: uncaught exception: 2147500036
JavaScript error: , line 0: AbortError: A request was aborted, for example through a call to IDBTransaction.abort.
JavaScript error: , line 0: AbortError: A request was aborted, for example through a call to IDBTransaction.abort.
1624802851536	Marionette	INFO	Stopped listening on port 49589
JavaScript error: resource:///modules/EveryWindow.jsm, line 37: NS_ERROR_UNEXPECTED: Component returned failure code: 0x8000ffff (NS_ERROR_UNEXPECTED) [nsIWindowMediator.getEnumerator]
JavaScript error: resource://gre/modules/CrashManager.jsm, line 829: AbortError: IOUtils: Shutting down and refusing additional I/O tasks
